<?xml version="1.0" encoding="UTF-8"?>
<testng-results ignored="0" total="1" passed="1" failed="0" skipped="0">
  <reporter-output>
  </reporter-output>
  <suite started-at="2025-10-19T09:52:58Z" name="Surefire suite" finished-at="2025-10-19T09:53:05Z" duration-ms="7549">
    <groups>
    </groups>
    <test started-at="2025-10-19T09:52:58Z" name="Surefire test" finished-at="2025-10-19T09:53:05Z" duration-ms="7549">
      <class name="junit.OrdersTests">
        <test-method signature="submitOrderTest() throws java.lang.Exception" started-at="2025-10-19T09:52:58Z" name="submitOrderTest" finished-at="2025-10-19T09:53:05Z" duration-ms="7477" status="PASS">
          <reporter-output>
          </reporter-output>
        </test-method> <!-- submitOrderTest -->
      </class> <!-- junit.OrdersTests -->
    </test> <!-- Surefire test -->
  </suite> <!-- Surefire suite -->
</testng-results>
